Add Component: Footprint Not Found Cap 0603
Add Component: Footprint Not Found Cap 0603
Add Component: Footprint Not Found Cap 0603
Add Component: Footprint Not Found Cap 0603
Add Component: Footprint Not Found Cap 1206
Add Component: Footprint Not Found Cap 0603
Add Component: Footprint Not Found Cap 0603
Add Component: Footprint Not Found Cap 0603
Add Component: Footprint Not Found Cap 0603
Add Component: Footprint Not Found Cap 0603
Add Component: Footprint Not Found Cap 0603
Add Component: Footprint Not Found Cap 0603
Add Component: Footprint Not Found Cap 1206
Add Component: Footprint Not Found Cap 1206
Add Component: Footprint Not Found Cap 1206
Add Component: Footprint Not Found Cap 0603
Add Component: Footprint Not Found Cap 0603
Add Component: Footprint Not Found Cap 1206
Add Component: Footprint Not Found Cap 0603
Add Component: Footprint Not Found Cap 0805
Add Component: Footprint Not Found Cap 0603
Add Component: Footprint Not Found Cap 1206
Add Component: Footprint Not Found tu hoa 8mm
Add Component: Footprint Not Found Cap 1206
Add Component: Footprint Not Found tu hoa 8mm
Add Component: Footprint Not Found Cap 0603
Add Component: Footprint Not Found XH2.54M-4
Add Component: Footprint Not Found XH2.54M-4
Add Component: Footprint Not Found XH2.54M-2
Add Component: Footprint Not Found XH2.54M-2
Add Component: Footprint Not Found XH2.54M-4
Add Component: Footprint Not Found XH2.54M-4
Add Component: Footprint Not Found XT30U
Add Component: Footprint Not Found LED-0805-Red
Add Component: Footprint Not Found RES 0603
Add Component: Footprint Not Found RES 0603
Add Component: Footprint Not Found RES 0603
Add Component: Footprint Not Found RES 0603
Add Component: Footprint Not Found RES 0603
Add Component: Footprint Not Found RES 0603
Add Component: Footprint Not Found RES 0603
Add Component: Footprint Not Found RES 0603
Add Component: Footprint Not Found RES 0603
Add Component: Footprint Not Found RES 0603
Add Component: Footprint Not Found RES 0603
Add Component: Footprint Not Found tro smd 1206
Add Component: Footprint Not Found RES 0603
Add Component: Footprint Not Found RES 0603
Add Component: Footprint Not Found RES 0603
Add Component: Footprint Not Found RES 0603
Add Component: Footprint Not Found RES 0603
Add Component: Footprint Not Found tro smd 0603
Add Component: Footprint Not Found tro smd 0603
Add Component: Footprint Not Found tro smd 0603
Add Component: Footprint Not Found tro smd 0603
Add Component: Footprint Not Found tro smd 0603
Add Component: Footprint Not Found tro smd 0603
Add Component: Footprint Not Found tro smd 0603
Add Component: Footprint Not Found tro smd 0603
Add Component: Footprint Not Found tro smd 0603
Add Component: Footprint Not Found tro smd 0603
Add Component: Footprint Not Found tro smd 0603
Add Component: Footprint Not Found tro smd 0603
Add Component: Footprint Not Found tro smd 0603
Add Component: Footprint Not Found tro smd 0603
Add Component: Footprint Not Found tro smd 0603
Add Component: Footprint Not Found tro smd 0603
Add Component: Footprint Not Found tro smd 0603
Add Component: Footprint Not Found tro smd 0603
Add Component: Footprint Not Found tro smd 0603
Add Component: Footprint Not Found tro smd 0603
Add Component: Footprint Not Found RES 0603
Add Component: Footprint Not Found RES 0603
Add Component: Footprint Not Found RES 0603
Add Component: Footprint Not Found RES 0603
Add Component: Footprint Not Found RES 0603
Add Component: Footprint Not Found RES 0603
Add Component: Footprint Not Found RES 0603
Add Component: Footprint Not Found RES 0603
Add Component: Footprint Not Found RES 0603
Add Component: Footprint Not Found RES 0603
Add Component: Footprint Not Found RES 0603
Add Component: Footprint Not Found RES 0603
Add Component: Footprint Not Found RES 0603
Add Component: Footprint Not Found RES 0603
Add Component: Footprint Not Found RES 0603
Add Component: Footprint Not Found SOIC-8-EP
Added Pin To Net: NetName=+5VDC_JQ Pin=AMS1-3
Add Pin To Net: Unknown Pin: Pin C1-1
Add Pin To Net: Unknown Pin: Pin C1-2
Add Pin To Net: Unknown Pin: Pin C2-1
Add Pin To Net: Unknown Pin: Pin C2-2
Add Pin To Net: Unknown Pin: Pin C3-1
Add Pin To Net: Unknown Pin: Pin C3-2
Add Pin To Net: Unknown Pin: Pin C4-1
Add Pin To Net: Unknown Pin: Pin C4-2
Add Pin To Net: Unknown Pin: Pin C5-1
Add Pin To Net: Unknown Pin: Pin C5-2
Add Pin To Net: Unknown Pin: Pin C6-1
Add Pin To Net: Unknown Pin: Pin C6-2
Add Pin To Net: Unknown Pin: Pin C7-1
Add Pin To Net: Unknown Pin: Pin C7-2
Add Pin To Net: Unknown Pin: Pin C8-1
Add Pin To Net: Unknown Pin: Pin C8-2
Add Pin To Net: Unknown Pin: Pin C9-1
Add Pin To Net: Unknown Pin: Pin C9-2
Add Pin To Net: Unknown Pin: Pin C10-1
Add Pin To Net: Unknown Pin: Pin C10-2
Add Pin To Net: Unknown Pin: Pin C11-1
Add Pin To Net: Unknown Pin: Pin C11-2
Add Pin To Net: Unknown Pin: Pin C12-1
Add Pin To Net: Unknown Pin: Pin C12-2
Add Pin To Net: Unknown Pin: Pin C13-1
Add Pin To Net: Unknown Pin: Pin C13-2
Add Pin To Net: Unknown Pin: Pin C14-1
Add Pin To Net: Unknown Pin: Pin C14-2
Add Pin To Net: Unknown Pin: Pin C15-1
Add Pin To Net: Unknown Pin: Pin C15-2
Add Pin To Net: Unknown Pin: Pin C16-1
Add Pin To Net: Unknown Pin: Pin C16-2
Add Pin To Net: Unknown Pin: Pin C17-1
Add Pin To Net: Unknown Pin: Pin C17-2
Add Pin To Net: Unknown Pin: Pin C18-1
Add Pin To Net: Unknown Pin: Pin C18-2
Add Pin To Net: Unknown Pin: Pin C19-1
Add Pin To Net: Unknown Pin: Pin C19-2
Add Pin To Net: Unknown Pin: Pin C20-1
Add Pin To Net: Unknown Pin: Pin C20-2
Add Pin To Net: Unknown Pin: Pin C21-1
Add Pin To Net: Unknown Pin: Pin C21-2
Add Pin To Net: Unknown Pin: Pin C22-1
Add Pin To Net: Unknown Pin: Pin C22-2
Add Pin To Net: Unknown Pin: Pin C23-1
Add Pin To Net: Unknown Pin: Pin C23-2
Add Pin To Net: Unknown Pin: Pin C24-1
Add Pin To Net: Unknown Pin: Pin C24-2
Add Pin To Net: Unknown Pin: Pin C25-1
Add Pin To Net: Unknown Pin: Pin C25-2
Add Pin To Net: Unknown Pin: Pin C26-1
Add Pin To Net: Unknown Pin: Pin C26-2
Added Pin To Net: NetName=+5VDC_JQ Pin=F1-2
Add Pin To Net: Unknown Pin: Pin H1-1
Add Pin To Net: Unknown Pin: Pin H1-2
Add Pin To Net: Unknown Pin: Pin H1-3
Add Pin To Net: Unknown Pin: Pin H1-4
Add Pin To Net: Unknown Pin: Pin H2-1
Add Pin To Net: Unknown Pin: Pin H2-2
Add Pin To Net: Unknown Pin: Pin H2-3
Add Pin To Net: Unknown Pin: Pin H2-4
Add Pin To Net: Unknown Pin: Pin H3-1
Add Pin To Net: Unknown Pin: Pin H3-2
Add Pin To Net: Unknown Pin: Pin H4-1
Add Pin To Net: Unknown Pin: Pin H4-2
Add Pin To Net: Unknown Pin: Pin H5-1
Add Pin To Net: Unknown Pin: Pin H5-2
Add Pin To Net: Unknown Pin: Pin H5-3
Add Pin To Net: Unknown Pin: Pin H5-4
Add Pin To Net: Unknown Pin: Pin H7-1
Add Pin To Net: Unknown Pin: Pin H7-2
Add Pin To Net: Unknown Pin: Pin H7-3
Add Pin To Net: Unknown Pin: Pin H7-4
Add Pin To Net: Unknown Pin: Pin J7-1
Add Pin To Net: Unknown Pin: Pin J7-2
Add Pin To Net: Unknown Pin: Pin L1-1
Add Pin To Net: Unknown Pin: Pin L1-2
Add Pin To Net: Unknown Pin: Pin R1-1
Add Pin To Net: Unknown Pin: Pin R1-2
Add Pin To Net: Unknown Pin: Pin R2-1
Add Pin To Net: Unknown Pin: Pin R2-2
Add Pin To Net: Unknown Pin: Pin R3-1
Add Pin To Net: Unknown Pin: Pin R3-2
Add Pin To Net: Unknown Pin: Pin R4-1
Add Pin To Net: Unknown Pin: Pin R4-2
Add Pin To Net: Unknown Pin: Pin R5-1
Add Pin To Net: Unknown Pin: Pin R5-2
Add Pin To Net: Unknown Pin: Pin R6-1
Add Pin To Net: Unknown Pin: Pin R6-2
Add Pin To Net: Unknown Pin: Pin R7-1
Add Pin To Net: Unknown Pin: Pin R7-2
Add Pin To Net: Unknown Pin: Pin R8-1
Add Pin To Net: Unknown Pin: Pin R8-2
Add Pin To Net: Unknown Pin: Pin R9-1
Add Pin To Net: Unknown Pin: Pin R9-2
Add Pin To Net: Unknown Pin: Pin R10-1
Add Pin To Net: Unknown Pin: Pin R10-2
Add Pin To Net: Unknown Pin: Pin R11-1
Add Pin To Net: Unknown Pin: Pin R11-2
Add Pin To Net: Unknown Pin: Pin R12-1
Add Pin To Net: Unknown Pin: Pin R12-2
Add Pin To Net: Unknown Pin: Pin R13-1
Add Pin To Net: Unknown Pin: Pin R13-2
Add Pin To Net: Unknown Pin: Pin R14-1
Add Pin To Net: Unknown Pin: Pin R14-2
Add Pin To Net: Unknown Pin: Pin R15-1
Add Pin To Net: Unknown Pin: Pin R15-2
Add Pin To Net: Unknown Pin: Pin R16-1
Add Pin To Net: Unknown Pin: Pin R16-2
Add Pin To Net: Unknown Pin: Pin R17-1
Add Pin To Net: Unknown Pin: Pin R17-2
Add Pin To Net: Unknown Pin: Pin R18-1
Add Pin To Net: Unknown Pin: Pin R18-2
Add Pin To Net: Unknown Pin: Pin R19-1
Add Pin To Net: Unknown Pin: Pin R19-2
Add Pin To Net: Unknown Pin: Pin R20-1
Add Pin To Net: Unknown Pin: Pin R20-2
Add Pin To Net: Unknown Pin: Pin R21-1
Add Pin To Net: Unknown Pin: Pin R21-2
Add Pin To Net: Unknown Pin: Pin R22-1
Add Pin To Net: Unknown Pin: Pin R22-2
Add Pin To Net: Unknown Pin: Pin R23-1
Add Pin To Net: Unknown Pin: Pin R23-2
Add Pin To Net: Unknown Pin: Pin R24-1
Add Pin To Net: Unknown Pin: Pin R24-2
Add Pin To Net: Unknown Pin: Pin R25-1
Add Pin To Net: Unknown Pin: Pin R25-2
Add Pin To Net: Unknown Pin: Pin R26-1
Add Pin To Net: Unknown Pin: Pin R26-2
Add Pin To Net: Unknown Pin: Pin R27-1
Add Pin To Net: Unknown Pin: Pin R27-2
Add Pin To Net: Unknown Pin: Pin R28-1
Add Pin To Net: Unknown Pin: Pin R28-2
Add Pin To Net: Unknown Pin: Pin R29-1
Add Pin To Net: Unknown Pin: Pin R29-2
Add Pin To Net: Unknown Pin: Pin R30-1
Add Pin To Net: Unknown Pin: Pin R30-2
Add Pin To Net: Unknown Pin: Pin R31-1
Add Pin To Net: Unknown Pin: Pin R31-2
Add Pin To Net: Unknown Pin: Pin R32-1
Add Pin To Net: Unknown Pin: Pin R32-2
Add Pin To Net: Unknown Pin: Pin R33-1
Add Pin To Net: Unknown Pin: Pin R33-2
Add Pin To Net: Unknown Pin: Pin R34-1
Add Pin To Net: Unknown Pin: Pin R34-2
Add Pin To Net: Unknown Pin: Pin R35-1
Add Pin To Net: Unknown Pin: Pin R35-2
Add Pin To Net: Unknown Pin: Pin R36-1
Add Pin To Net: Unknown Pin: Pin R36-2
Add Pin To Net: Unknown Pin: Pin R37-1
Add Pin To Net: Unknown Pin: Pin R37-2
Add Pin To Net: Unknown Pin: Pin R38-1
Add Pin To Net: Unknown Pin: Pin R38-2
Add Pin To Net: Unknown Pin: Pin R39-1
Add Pin To Net: Unknown Pin: Pin R39-2
Add Pin To Net: Unknown Pin: Pin R40-1
Add Pin To Net: Unknown Pin: Pin R40-2
Add Pin To Net: Unknown Pin: Pin R41-1
Add Pin To Net: Unknown Pin: Pin R41-2
Add Pin To Net: Unknown Pin: Pin R42-1
Add Pin To Net: Unknown Pin: Pin R42-2
Add Pin To Net: Unknown Pin: Pin R43-1
Add Pin To Net: Unknown Pin: Pin R43-2
Add Pin To Net: Unknown Pin: Pin R44-1
Add Pin To Net: Unknown Pin: Pin R44-2
Add Pin To Net: Unknown Pin: Pin R45-1
Add Pin To Net: Unknown Pin: Pin R45-2
Add Pin To Net: Unknown Pin: Pin R46-1
Add Pin To Net: Unknown Pin: Pin R46-2
Add Pin To Net: Unknown Pin: Pin R47-1
Add Pin To Net: Unknown Pin: Pin R47-2
Add Pin To Net: Unknown Pin: Pin R48-1
Add Pin To Net: Unknown Pin: Pin R48-2
Add Pin To Net: Unknown Pin: Pin R49-1
Add Pin To Net: Unknown Pin: Pin R49-2
Add Pin To Net: Unknown Pin: Pin R50-1
Add Pin To Net: Unknown Pin: Pin R50-2
Add Pin To Net: Unknown Pin: Pin R51-1
Add Pin To Net: Unknown Pin: Pin R51-2
Add Pin To Net: Unknown Pin: Pin R52-1
Add Pin To Net: Unknown Pin: Pin R52-2
Added Pin To Net: NetName=+5VDC_JQ Pin=T1-2
Add Pin To Net: Unknown Pin: Pin U3-1
Add Pin To Net: Unknown Pin: Pin U3-2
Add Pin To Net: Unknown Pin: Pin U3-4
Add Pin To Net: Unknown Pin: Pin U3-5
Add Pin To Net: Unknown Pin: Pin U3-6
Add Pin To Net: Unknown Pin: Pin U3-7
Add Pin To Net: Unknown Pin: Pin U3-8
Add Pin To Net: Unknown Pin: Pin U3-9
Change Net Name : Old Net Name=+5VDC_JQ New Net Name=+5V
Add Class Member: Failed to add class member : Component C1 0603-100nF
Add Class Member: Failed to add class member : Component C2 0603-100nF
Add Class Member: Failed to add class member : Component C3 0603-22pF
Add Class Member: Failed to add class member : Component C4 0603-22pF
Add Class Member: Failed to add class member : Component C5 1206-10uF
Add Class Member: Failed to add class member : Component C6 0603-104
Add Class Member: Failed to add class member : Component C7 0603-104
Add Class Member: Failed to add class member : Component C8 0603-104
Add Class Member: Failed to add class member : Component C9 0603-104
Add Class Member: Failed to add class member : Component C10 0603-105
Add Class Member: Failed to add class member : Component C11 0603-104
Add Class Member: Failed to add class member : Component C12 0603-100nF
Add Class Member: Failed to add class member : Component C13 1206-22uF
Add Class Member: Failed to add class member : Component C14 1206-10uF
Add Class Member: Failed to add class member : Component C15 1206-22uF
Add Class Member: Failed to add class member : Component C16 0603-100nF
Add Class Member: Failed to add class member : Component C17 0603-100nF
Add Class Member: Failed to add class member : Component C18 1206-22uF
Add Class Member: Failed to add class member : Component C19 0603-100nF
Add Class Member: Failed to add class member : Component C20 0805-100nF
Add Class Member: Failed to add class member : Component C21 0603-33pF
Add Class Member: Failed to add class member : Component C22 1206-10uF
Add Class Member: Failed to add class member : Component C23 220nF
Add Class Member: Failed to add class member : Component C24 1206-10uF
Add Class Member: Failed to add class member : Component C25 220nF
Add Class Member: Failed to add class member : Component C26 0603-10nF
Add Class Member: Failed to add class member : Component H1 Header 4P 2.54 Duc Thang
Add Class Member: Failed to add class member : Component H2 Header 4P 2.54 Duc Thang
Add Class Member: Failed to add class member : Component H3 Header 2P 2.54 Duc Thang
Add Class Member: Failed to add class member : Component H4 Header 2P 2.54 Duc Thang
Add Class Member: Failed to add class member : Component H5 Header 4P 2.54 Duc Thang
Add Class Member: Failed to add class member : Component H7 Header 4P 2.54 Duc Thang
Add Class Member: Failed to add class member : Component J7 XT30U-M
Add Class Member: Failed to add class member : Component L1 LED 0805
Add Class Member: Failed to add class member : Component R1 0603-1K
Add Class Member: Failed to add class member : Component R2 0603-10K
Add Class Member: Failed to add class member : Component R3 0603-10K
Add Class Member: Failed to add class member : Component R4 0603-10K
Add Class Member: Failed to add class member : Component R5 0603-10K
Add Class Member: Failed to add class member : Component R6 0603-10K
Add Class Member: Failed to add class member : Component R7 0603-10K
Add Class Member: Failed to add class member : Component R8 0603-10K
Add Class Member: Failed to add class member : Component R9 0603-10K
Add Class Member: Failed to add class member : Component R10 0603-10K
Add Class Member: Failed to add class member : Component R11 0603-0R
Add Class Member: Failed to add class member : Component R12 FUSE_6V/1A
Add Class Member: Failed to add class member : Component R13 0603-0R
Add Class Member: Failed to add class member : Component R14 0603-22R
Add Class Member: Failed to add class member : Component R15 0603-22R
Add Class Member: Failed to add class member : Component R16 0603-10K
Add Class Member: Failed to add class member : Component R17 0603-1.5K
Add Class Member: Failed to add class member : Component R18 0603 - 10K
Add Class Member: Failed to add class member : Component R19 0603 - 10K
Add Class Member: Failed to add class member : Component R20 0603 - 100R
Add Class Member: Failed to add class member : Component R21 0603 - 10K
Add Class Member: Failed to add class member : Component R22 0603 - 10K
Add Class Member: Failed to add class member : Component R23 0603 - 10K
Add Class Member: Failed to add class member : Component R24 0603 - 10K
Add Class Member: Failed to add class member : Component R25 0603 - 100R
Add Class Member: Failed to add class member : Component R26 0603 - 10K
Add Class Member: Failed to add class member : Component R27 0603 - 10K
Add Class Member: Failed to add class member : Component R28 0603 - 10K
Add Class Member: Failed to add class member : Component R29 0603 - 10K
Add Class Member: Failed to add class member : Component R30 0603 - 100R
Add Class Member: Failed to add class member : Component R31 0603 - 10K
Add Class Member: Failed to add class member : Component R32 0603 - 10K
Add Class Member: Failed to add class member : Component R33 0603 - 10K
Add Class Member: Failed to add class member : Component R34 0603 - 10K
Add Class Member: Failed to add class member : Component R35 0603 - 100R
Add Class Member: Failed to add class member : Component R36 0603 - 10K
Add Class Member: Failed to add class member : Component R37 0603 - 10K
Add Class Member: Failed to add class member : Component R38 0603-10K
Add Class Member: Failed to add class member : Component R39 0603-150K
Add Class Member: Failed to add class member : Component R40 0603-470K
Add Class Member: Failed to add class member : Component R41 0603-220K
Add Class Member: Failed to add class member : Component R42 0603-10K
Add Class Member: Failed to add class member : Component R43 0603-10K
Add Class Member: Failed to add class member : Component R44 0603-1K
Add Class Member: Failed to add class member : Component R45 0603-100K
Add Class Member: Failed to add class member : Component R46 0603-47K
Add Class Member: Failed to add class member : Component R47 0603-1K
Add Class Member: Failed to add class member : Component R48 0603-10K
Add Class Member: Failed to add class member : Component R49 0603-15K
Add Class Member: Failed to add class member : Component R50 0603-150K
Add Class Member: Failed to add class member : Component R51 0603-100K
Add Class Member: Failed to add class member : Component R52 0603-3K3
Add Class Member: Failed to add class member : Component U3 TPS54360DDAR
